<?xml version="1.0" encoding="UTF-8"?>
<testsuite name="com.restapi.controller.NamesAndCharacterCountTests" tests="2" skipped="0" failures="0" errors="0" timestamp="2021-06-07T14:15:07" hostname="DESKTOP-FLJUM7G" time="0.111">
  <properties/>
  <testcase name="withInValidParams_namesAndCharacterCountIsBadRequest()" classname="com.restapi.controller.NamesAndCharacterCountTests" time="0.099"/>
  <testcase name="withValidParams_namesAndCharacterCountIsOk()" classname="com.restapi.controller.NamesAndCharacterCountTests" time="0.011"/>
  <system-out><![CDATA[22:15:05.806 [Test worker] DEBUG org.springframework.test.context.BootstrapUtils - Instantiating CacheAwareContextLoaderDelegate from class [org.springframework.test.context.cache.DefaultCacheAwareContextLoaderDelegate]
22:15:05.815 [Test worker] DEBUG org.springframework.test.context.BootstrapUtils - Instantiating BootstrapContext using constructor [public org.springframework.test.context.support.DefaultBootstrapContext(java.lang.Class,org.springframework.test.context.CacheAwareContextLoaderDelegate)]
22:15:05.840 [Test worker] DEBUG org.springframework.test.context.BootstrapUtils - Instantiating TestContextBootstrapper for test class [com.restapi.controller.NamesAndCharacterCountTests] from class [org.springframework.boot.test.autoconfigure.web.servlet.WebMvcTestContextBootstrapper]
22:15:05.847 [Test worker] INFO org.springframework.boot.test.autoconfigure.web.servlet.WebMvcTestContextBootstrapper - Neither @ContextConfiguration nor @ContextHierarchy found for test class [com.restapi.controller.NamesAndCharacterCountTests], using SpringBootContextLoader
22:15:05.850 [Test worker] DEBUG org.springframework.test.context.support.AbstractContextLoader - Did not detect default resource location for test class [com.restapi.controller.NamesAndCharacterCountTests]: class path resource [com/restapi/controller/NamesAndCharacterCountTests-context.xml] does not exist
22:15:05.850 [Test worker] DEBUG org.springframework.test.context.support.AbstractContextLoader - Did not detect default resource location for test class [com.restapi.controller.NamesAndCharacterCountTests]: class path resource [com/restapi/controller/NamesAndCharacterCountTestsContext.groovy] does not exist
22:15:05.850 [Test worker] INFO org.springframework.test.context.support.AbstractContextLoader - Could not detect default resource locations for test class [com.restapi.controller.NamesAndCharacterCountTests]: no resource found for suffixes {-context.xml, Context.groovy}.
22:15:05.851 [Test worker] INFO org.springframework.test.context.support.AnnotationConfigContextLoaderUtils - Could not detect default configuration classes for test class [com.restapi.controller.NamesAndCharacterCountTests]: NamesAndCharacterCountTests does not declare any static, non-private, non-final, nested classes annotated with @Configuration.
22:15:05.895 [Test worker] DEBUG org.springframework.test.context.support.ActiveProfilesUtils - Could not find an 'annotation declaring class' for annotation type [org.springframework.test.context.ActiveProfiles] and class [com.restapi.controller.NamesAndCharacterCountTests]
22:15:05.933 [Test worker] DEBUG org.springframework.context.annotation.ClassPathScanningCandidateComponentProvider - Identified candidate component class: file [C:\dev\RestAPI\build\classes\java\main\com\restapi\Application.class]
22:15:05.934 [Test worker] INFO org.springframework.boot.test.context.SpringBootTestContextBootstrapper - Found @SpringBootConfiguration com.restapi.Application for test class com.restapi.controller.NamesAndCharacterCountTests
22:15:05.936 [Test worker] DEBUG org.springframework.boot.test.autoconfigure.web.servlet.WebMvcTestContextBootstrapper - @TestExecutionListeners is not present for class [com.restapi.controller.NamesAndCharacterCountTests]: using defaults.
22:15:05.937 [Test worker] INFO org.springframework.boot.test.autoconfigure.web.servlet.WebMvcTestContextBootstrapper - Loaded default TestExecutionListener class names from location [META-INF/spring.factories]: [org.springframework.boot.test.autoconfigure.restdocs.RestDocsTestExecutionListener, org.springframework.boot.test.autoconfigure.web.client.MockRestServiceServerResetTestExecutionListener, org.springframework.boot.test.autoconfigure.web.servlet.MockMvcPrintOnlyOnFailureTestExecutionListener, org.springframework.boot.test.autoconfigure.web.servlet.WebDriverTestExecutionListener, org.springframework.boot.test.autoconfigure.webservices.client.MockWebServiceServerTestExecutionListener, org.springframework.boot.test.mock.mockito.MockitoTestExecutionListener, org.springframework.boot.test.mock.mockito.ResetMocksTestExecutionListener, org.springframework.test.context.web.ServletTestExecutionListener, org.springframework.test.context.support.DirtiesContextBeforeModesTestExecutionListener, org.springframework.test.context.event.ApplicationEventsTestExecutionListener, org.springframework.test.context.support.DependencyInjectionTestExecutionListener, org.springframework.test.context.support.DirtiesContextTestExecutionListener, org.springframework.test.context.transaction.TransactionalTestExecutionListener, org.springframework.test.context.jdbc.SqlScriptsTestExecutionListener, org.springframework.test.context.event.EventPublishingTestExecutionListener]
22:15:05.950 [Test worker] INFO org.springframework.boot.test.autoconfigure.web.servlet.WebMvcTestContextBootstrapper - Using TestExecutionListeners: [org.springframework.test.context.web.ServletTestExecutionListener@3961c4d5, org.springframework.test.context.support.DirtiesContextBeforeModesTestExecutionListener@684fe0d7, org.springframework.test.context.event.ApplicationEventsTestExecutionListener@6378b98a, org.springframework.boot.test.mock.mockito.MockitoTestExecutionListener@25de47f7, org.springframework.boot.test.autoconfigure.SpringBootDependencyInjectionTestExecutionListener@122e78f5, org.springframework.test.context.support.DirtiesContextTestExecutionListener@5f06b3f, org.springframework.test.context.transaction.TransactionalTestExecutionListener@23e226e2, org.springframework.test.context.jdbc.SqlScriptsTestExecutionListener@74543c96, org.springframework.test.context.event.EventPublishingTestExecutionListener@15dc0b39, org.springframework.boot.test.autoconfigure.restdocs.RestDocsTestExecutionListener@1373332e, org.springframework.boot.test.autoconfigure.web.client.MockRestServiceServerResetTestExecutionListener@2194d294, org.springframework.boot.test.autoconfigure.web.servlet.MockMvcPrintOnlyOnFailureTestExecutionListener@74f1eabc, org.springframework.boot.test.autoconfigure.web.servlet.WebDriverTestExecutionListener@181b2d8, org.springframework.boot.test.autoconfigure.webservices.client.MockWebServiceServerTestExecutionListener@be11b85, org.springframework.boot.test.mock.mockito.ResetMocksTestExecutionListener@c66781f]
22:15:05.952 [Test worker] DEBUG org.springframework.test.context.support.AbstractDirtiesContextTestExecutionListener - Before test class: context [DefaultTestContext@150d1533 testClass = NamesAndCharacterCountTests, testInstance = [null], testMethod = [null], testException = [null], mergedContextConfiguration = [WebMergedContextConfiguration@48370f95 testClass = NamesAndCharacterCountTests, locations = '{}', classes = '{class com.restapi.Application}', contextInitializerClasses = '[]', activeProfiles = '{}', propertySourceLocations = '{}', propertySourceProperties = '{org.springframework.boot.test.autoconfigure.web.servlet.WebMvcTestContextBootstrapper=true}', contextCustomizers = set[org.springframework.boot.test.autoconfigure.OverrideAutoConfigurationContextCustomizerFactory$DisableAutoConfigurationContextCustomizer@6e5e96c8, org.springframework.boot.test.autoconfigure.actuate.metrics.MetricsExportContextCustomizerFactory$DisableMetricExportContextCustomizer@2fbbc745, org.springframework.boot.test.autoconfigure.filter.TypeExcludeFiltersContextCustomizer@96ed1b32, org.springframework.boot.test.autoconfigure.properties.PropertyMappingContextCustomizer@369d1e0b, org.springframework.boot.test.autoconfigure.web.servlet.WebDriverContextCustomizerFactory$Customizer@6c946ad2, [ImportsContextCustomizer@31321953 key = [org.springframework.boot.autoconfigure.cache.CacheAutoConfiguration, org.springframework.boot.autoconfigure.context.MessageSourceAutoConfiguration, org.springframework.boot.autoconfigure.data.web.SpringDataWebAutoConfiguration, org.springframework.boot.autoconfigure.freemarker.FreeMarkerAutoConfiguration, org.springframework.boot.autoconfigure.groovy.template.GroovyTemplateAutoConfiguration, org.springframework.boot.autoconfigure.gson.GsonAutoConfiguration, org.springframework.boot.autoconfigure.hateoas.HypermediaAutoConfiguration, org.springframework.boot.autoconfigure.http.HttpMessageConvertersAutoConfiguration, org.springframework.boot.autoconfigure.jackson.JacksonAutoConfiguration, org.springframework.boot.autoconfigure.jsonb.JsonbAutoConfiguration, org.springframework.boot.autoconfigure.mustache.MustacheAutoConfiguration, org.springframework.boot.autoconfigure.task.TaskExecutionAutoConfiguration, org.springframework.boot.autoconfigure.thymeleaf.ThymeleafAutoConfiguration, org.springframework.boot.autoconfigure.validation.ValidationAutoConfiguration, org.springframework.boot.autoconfigure.web.servlet.error.ErrorMvcAutoConfiguration, org.springframework.boot.autoconfigure.web.servlet.HttpEncodingAutoConfiguration, org.springframework.boot.autoconfigure.web.servlet.WebMvcAutoConfiguration, org.springframework.boot.test.autoconfigure.web.servlet.MockMvcAutoConfiguration, org.springframework.boot.test.autoconfigure.web.servlet.MockMvcWebClientAutoConfiguration, org.springframework.boot.test.autoconfigure.web.servlet.MockMvcWebDriverAutoConfiguration, org.springframework.boot.autoconfigure.security.oauth2.client.servlet.OAuth2ClientAutoConfiguration, org.springframework.boot.autoconfigure.security.oauth2.resource.servlet.OAuth2ResourceServerAutoConfiguration, org.springframework.boot.autoconfigure.security.servlet.SecurityAutoConfiguration, org.springframework.boot.autoconfigure.security.servlet.SecurityFilterAutoConfiguration, org.springframework.boot.autoconfigure.security.servlet.UserDetailsServiceAutoConfiguration, org.springframework.boot.test.autoconfigure.web.servlet.MockMvcSecurityConfiguration]], org.springframework.boot.test.context.filter.ExcludeFilterContextCustomizer@65ecca70, org.springframework.boot.test.json.DuplicateJsonObjectContextCustomizerFactory$DuplicateJsonObjectContextCustomizer@178a8f39, org.springframework.boot.test.mock.mockito.MockitoContextCustomizer@8b154ebb, org.springframework.boot.test.context.SpringBootTestArgs@1, org.springframework.boot.test.context.SpringBootTestWebEnvironment@0], resourceBasePath = 'src/main/webapp', contextLoader = 'org.springframework.boot.test.context.SpringBootContextLoader', parent = [null]], attributes = map[[empty]]], class annotated with @DirtiesContext [false] with mode [null].
22:15:05.977 [Test worker] DEBUG org.springframework.test.context.support.TestPropertySourceUtils - Adding inlined properties to environment: {spring.jmx.enabled=false, org.springframework.boot.test.autoconfigure.web.servlet.WebMvcTestContextBootstrapper=true}

  .   ____          _            __ _ _
 /\\ / ___'_ __ _ _(_)_ __  __ _ \ \ \ \
( ( )\___ | '_ | '_| | '_ \/ _` | \ \ \ \
 \\/  ___)| |_)| | | | | || (_| |  ) ) ) )
  '  |____| .__|_| |_|_| |_\__, | / / / /
 =========|_|==============|___/=/_/_/_/
 :: Spring Boot ::                (v2.5.0)

2021-06-07 22:15:06.195  INFO 34376 --- [    Test worker] c.r.c.NamesAndCharacterCountTests        : Starting NamesAndCharacterCountTests using Java 16.0.1 on DESKTOP-FLJUM7G with PID 34376 (started by Pkunk in C:\dev\RestAPI)
2021-06-07 22:15:06.196  INFO 34376 --- [    Test worker] c.r.c.NamesAndCharacterCountTests        : No active profile set, falling back to default profiles: default
2021-06-07 22:15:07.470  INFO 34376 --- [    Test worker] o.s.b.t.m.w.SpringBootMockServletContext : Initializing Spring TestDispatcherServlet ''
2021-06-07 22:15:07.470  INFO 34376 --- [    Test worker] o.s.t.web.servlet.TestDispatcherServlet  : Initializing Servlet ''
2021-06-07 22:15:07.471  INFO 34376 --- [    Test worker] o.s.t.web.servlet.TestDispatcherServlet  : Completed initialization in 1 ms
2021-06-07 22:15:07.489  INFO 34376 --- [    Test worker] c.r.c.NamesAndCharacterCountTests        : Started NamesAndCharacterCountTests in 1.507 seconds (JVM running for 2.185)
2021-06-07 22:15:07.537 ERROR 34376 --- [    Test worker] com.restapi.controller.DemoController    : Request Error: upper is LESS THAN the lower value!
]]></system-out>
  <system-err><![CDATA[]]></system-err>
</testsuite>
